Using pre-set license
Built from '2020.2/staging' branch; Version is '2020.2.6f1 (8a2143876886) revision 9052483'; Using compiler version '192528614'; Build Type 'Release'
OS: 'Windows 10 Home; OS build 19042.1526; Version 2009; 64bit' Language: 'pl' Physical Memory: 16326 MB
BatchMode: 1, IsHumanControllingUs: 0, StartBugReporterOnCrash: 0, Is64bit: 1, IsPro: 0

 COMMAND LINE ARGUMENTS:
C:\Program Files\Unity\Hub\Editor\2020.2.6f1\Editor\Unity.exe
-adb2
-batchMode
-noUpm
-name
AssetImportWorker0
-projectPath
C:/Users/Kacper/Labirynth
-logFile
Logs/AssetImportWorker0.log
-srvPort
64258
Successfully changed project path to: C:/Users/Kacper/Labirynth
C:/Users/Kacper/Labirynth
Using Asset Import Pipeline V2.
Refreshing native plugins compatible for Editor in 22.49 ms, found 0 plugins.
Preloading 0 native plugins for Editor in 0.00 ms.
Initialize engine version: 2020.2.6f1 (8a2143876886)
[Subsystems] Discovering subsystems at path C:/Program Files/Unity/Hub/Editor/2020.2.6f1/Editor/Data/Resources/UnitySubsystems
[Subsystems] Discovering subsystems at path C:/Users/Kacper/Labirynth/Assets
GfxDevice: creating device client; threaded=0
Direct3D:
    Version:  Direct3D 11.0 [level 11.1]
    Renderer: NVIDIA GeForce GTX 1650 (ID=0x1f0a)
    Vendor:   
    VRAM:     3961 MB
    Driver:   30.0.15.1179
Initialize mono
Mono path[0] = 'C:/Program Files/Unity/Hub/Editor/2020.2.6f1/Editor/Data/Managed'
Mono path[1] = 'C:/Program Files/Unity/Hub/Editor/2020.2.6f1/Editor/Data/MonoBleedingEdge/lib/mono/unityjit'
Mono config path = 'C:/Program Files/Unity/Hub/Editor/2020.2.6f1/Editor/Data/MonoBleedingEdge/etc'
Using monoOptions --debugger-agent=transport=dt_socket,embedding=1,server=y,suspend=n,address=127.0.0.1:56344
Begin MonoManager ReloadAssembly
Registering precompiled unity dll's ...
Register platform support module: C:/Program Files/Unity/Hub/Editor/2020.2.6f1/Editor/Data/PlaybackEngines/WindowsStandaloneSupport/UnityEditor.WindowsStandalone.Extensions.dll
Registered in 0.002860 seconds.
Native extension for WindowsStandalone target not found
Refreshing native plugins compatible for Editor in 23.06 ms, found 0 plugins.
Preloading 0 native plugins for Editor in 0.00 ms.
Invoked RoslynAnalysisRunner static constructor.
RoslynAnalysisRunner will not be running.
RoslynAnalysisRunner has terminated.
Mono: successfully reloaded assembly
- Completed reload, in  1.223 seconds
Platform modules already initialized, skipping
Registering precompiled user dll's ...
Registered in 0.000824 seconds.
Begin MonoManager ReloadAssembly
Native extension for WindowsStandalone target not found
Refreshing native plugins compatible for Editor in 0.20 ms, found 0 plugins.
Preloading 0 native plugins for Editor in 0.00 ms.
Invoked RoslynAnalysisRunner static constructor.
RoslynAnalysisRunner will not be running.
RoslynAnalysisRunner has terminated.
Mono: successfully reloaded assembly
- Completed reload, in  1.052 seconds
Platform modules already initialized, skipping
========================================================================
Worker process is ready to serve import requests
Launched and connected shader compiler UnityShaderCompiler.exe after 0.05 seconds
Refreshing native plugins compatible for Editor in 0.18 ms, found 0 plugins.
Preloading 0 native plugins for Editor in 0.00 ms.
Unloading 1108 Unused Serialized files (Serialized files now loaded: 0)
System memory in use before: 56.8 MB.
System memory in use after: 56.9 MB.

Unloading 10 unused Assets to reduce memory usage. Loaded Objects now: 1549.
Total: 1.948700 ms (FindLiveObjects: 0.139300 ms CreateObjectMapping: 0.072900 ms MarkObjects: 1.659400 ms  DeleteObjects: 0.075900 ms)

========================================================================
Received Import Request.
  path: Assets/Scripts/Crystal.cs
  artifactKey: Guid(3a38a579f8d9cda4c9ed2c55fa4bc027) Importer(815301076,1909f56bfc062723c751e8b465ee728b)
Start importing Assets/Scripts/Crystal.cs using Guid(3a38a579f8d9cda4c9ed2c55fa4bc027) Importer(815301076,1909f56bfc062723c751e8b465ee728b)  -> (artifact id: '3bdcd233ce31c7bdeccc8b60425c5556') in 0.037233 seconds
  Import took 0.039112 seconds .

========================================================================
Received Import Request.
  Time since last request: 86.115470 seconds.
  path: Assets/Scripts/Crystal.cs
  artifactKey: Guid(3a38a579f8d9cda4c9ed2c55fa4bc027) Importer(815301076,1909f56bfc062723c751e8b465ee728b)
Start importing Assets/Scripts/Crystal.cs using Guid(3a38a579f8d9cda4c9ed2c55fa4bc027) Importer(815301076,1909f56bfc062723c751e8b465ee728b)  -> (artifact id: '224105c051e0ef6afbdf891da2dbdbd8') in 0.002395 seconds
  Import took 0.004772 seconds .

========================================================================
Received Import Request.
  Time since last request: 0.127148 seconds.
  path: Assets/Scripts/Crystal.cs
  artifactKey: Guid(3a38a579f8d9cda4c9ed2c55fa4bc027) Importer(815301076,1909f56bfc062723c751e8b465ee728b)
Start importing Assets/Scripts/Crystal.cs using Guid(3a38a579f8d9cda4c9ed2c55fa4bc027) Importer(815301076,1909f56bfc062723c751e8b465ee728b)  -> (artifact id: '224105c051e0ef6afbdf891da2dbdbd8') in 0.002231 seconds
  Import took 0.004079 seconds .

========================================================================
Received Prepare
Registering precompiled user dll's ...
Registered in 0.000998 seconds.
Begin MonoManager ReloadAssembly
Native extension for WindowsStandalone target not found
Refreshing native plugins compatible for Editor in 0.18 ms, found 0 plugins.
Preloading 0 native plugins for Editor in 0.00 ms.
Invoked RoslynAnalysisRunner static constructor.
RoslynAnalysisRunner will not be running.
RoslynAnalysisRunner has terminated.
Mono: successfully reloaded assembly
- Completed reload, in  0.762 seconds
Platform modules already initialized, skipping
Refreshing native plugins compatible for Editor in 0.19 ms, found 0 plugins.
Preloading 0 native plugins for Editor in 0.00 ms.
Unloading 1103 Unused Serialized files (Serialized files now loaded: 0)
System memory in use before: 56.8 MB.
System memory in use after: 56.8 MB.

Unloading 5 unused Assets to reduce memory usage. Loaded Objects now: 1551.
Total: 1.422800 ms (FindLiveObjects: 0.121200 ms CreateObjectMapping: 0.062000 ms MarkObjects: 1.188500 ms  DeleteObjects: 0.050000 ms)

========================================================================
Received Import Request.
  Time since last request: 21.585988 seconds.
  path: Assets/Scripts/PointAdder.cs
  artifactKey: Guid(3a38a579f8d9cda4c9ed2c55fa4bc027) Importer(815301076,1909f56bfc062723c751e8b465ee728b)
Start importing Assets/Scripts/PointAdder.cs using Guid(3a38a579f8d9cda4c9ed2c55fa4bc027) Importer(815301076,1909f56bfc062723c751e8b465ee728b)  -> (artifact id: 'e0455616d946d164ec6321f6a3050171') in 0.005283 seconds
  Import took 0.007421 seconds .

========================================================================
Received Import Request.
  Time since last request: 0.004663 seconds.
  path: Assets/Scripts/PointAdder.cs
  artifactKey: Guid(3a38a579f8d9cda4c9ed2c55fa4bc027) Importer(815301076,1909f56bfc062723c751e8b465ee728b)
Start importing Assets/Scripts/PointAdder.cs using Guid(3a38a579f8d9cda4c9ed2c55fa4bc027) Importer(815301076,1909f56bfc062723c751e8b465ee728b)  -> (artifact id: 'e0455616d946d164ec6321f6a3050171') in 0.002210 seconds
  Import took 0.005002 seconds .

========================================================================
Received Prepare
Registering precompiled user dll's ...
Registered in 0.000779 seconds.
Begin MonoManager ReloadAssembly
Native extension for WindowsStandalone target not found
Refreshing native plugins compatible for Editor in 0.21 ms, found 0 plugins.
Preloading 0 native plugins for Editor in 0.00 ms.
Invoked RoslynAnalysisRunner static constructor.
RoslynAnalysisRunner will not be running.
RoslynAnalysisRunner has terminated.
Mono: successfully reloaded assembly
- Completed reload, in  0.838 seconds
Platform modules already initialized, skipping
Refreshing native plugins compatible for Editor in 0.18 ms, found 0 plugins.
Preloading 0 native plugins for Editor in 0.00 ms.
Unloading 1103 Unused Serialized files (Serialized files now loaded: 0)
System memory in use before: 56.8 MB.
System memory in use after: 56.9 MB.

Unloading 5 unused Assets to reduce memory usage. Loaded Objects now: 1553.
Total: 4.167000 ms (FindLiveObjects: 0.184000 ms CreateObjectMapping: 0.075400 ms MarkObjects: 3.857000 ms  DeleteObjects: 0.048700 ms)

========================================================================
Received Prepare
Registering precompiled user dll's ...
Registered in 0.000807 seconds.
Begin MonoManager ReloadAssembly
Native extension for WindowsStandalone target not found
Refreshing native plugins compatible for Editor in 0.19 ms, found 0 plugins.
Preloading 0 native plugins for Editor in 0.00 ms.
Invoked RoslynAnalysisRunner static constructor.
RoslynAnalysisRunner will not be running.
RoslynAnalysisRunner has terminated.
Mono: successfully reloaded assembly
- Completed reload, in  0.884 seconds
Platform modules already initialized, skipping
Refreshing native plugins compatible for Editor in 0.19 ms, found 0 plugins.
Preloading 0 native plugins for Editor in 0.00 ms.
Unloading 1103 Unused Serialized files (Serialized files now loaded: 0)
System memory in use before: 56.8 MB.
System memory in use after: 56.9 MB.

Unloading 5 unused Assets to reduce memory usage. Loaded Objects now: 1555.
Total: 1.895200 ms (FindLiveObjects: 0.167400 ms CreateObjectMapping: 0.088700 ms MarkObjects: 1.592000 ms  DeleteObjects: 0.045800 ms)

========================================================================
Received Import Request.
  Time since last request: 69.103779 seconds.
  path: Assets/Scripts/PlayerController.cs
  artifactKey: Guid(e9a7ec8763135434484e33f1b8265e54) Importer(815301076,1909f56bfc062723c751e8b465ee728b)
Start importing Assets/Scripts/PlayerController.cs using Guid(e9a7ec8763135434484e33f1b8265e54) Importer(815301076,1909f56bfc062723c751e8b465ee728b)  -> (artifact id: '04e32266b74930107ef46dcbab5c7c16') in 0.004254 seconds
  Import took 0.006302 seconds .

========================================================================
Received Import Request.
  Time since last request: 0.024483 seconds.
  path: Assets/Scripts/PlayerController.cs
  artifactKey: Guid(e9a7ec8763135434484e33f1b8265e54) Importer(815301076,1909f56bfc062723c751e8b465ee728b)
Start importing Assets/Scripts/PlayerController.cs using Guid(e9a7ec8763135434484e33f1b8265e54) Importer(815301076,1909f56bfc062723c751e8b465ee728b)  -> (artifact id: '04e32266b74930107ef46dcbab5c7c16') in 0.002489 seconds
  Import took 0.004234 seconds .

========================================================================
Received Prepare
Registering precompiled user dll's ...
Registered in 0.000962 seconds.
Begin MonoManager ReloadAssembly
Native extension for WindowsStandalone target not found
Refreshing native plugins compatible for Editor in 0.22 ms, found 0 plugins.
Preloading 0 native plugins for Editor in 0.00 ms.
Invoked RoslynAnalysisRunner static constructor.
RoslynAnalysisRunner will not be running.
RoslynAnalysisRunner has terminated.
Mono: successfully reloaded assembly
- Completed reload, in  0.908 seconds
Platform modules already initialized, skipping
Refreshing native plugins compatible for Editor in 0.25 ms, found 0 plugins.
Preloading 0 native plugins for Editor in 0.00 ms.
Unloading 1103 Unused Serialized files (Serialized files now loaded: 0)
System memory in use before: 56.8 MB.
System memory in use after: 56.9 MB.

Unloading 5 unused Assets to reduce memory usage. Loaded Objects now: 1557.
Total: 2.038400 ms (FindLiveObjects: 0.278300 ms CreateObjectMapping: 0.094500 ms MarkObjects: 1.619400 ms  DeleteObjects: 0.044800 ms)

========================================================================
Received Prepare
Registering precompiled user dll's ...
Registered in 0.000881 seconds.
Begin MonoManager ReloadAssembly
Native extension for WindowsStandalone target not found
Refreshing native plugins compatible for Editor in 0.19 ms, found 0 plugins.
Preloading 0 native plugins for Editor in 0.00 ms.
Invoked RoslynAnalysisRunner static constructor.
RoslynAnalysisRunner will not be running.
RoslynAnalysisRunner has terminated.
Mono: successfully reloaded assembly
- Completed reload, in  0.758 seconds
Platform modules already initialized, skipping
Refreshing native plugins compatible for Editor in 0.18 ms, found 0 plugins.
Preloading 0 native plugins for Editor in 0.00 ms.
Unloading 1103 Unused Serialized files (Serialized files now loaded: 0)
System memory in use before: 56.8 MB.
System memory in use after: 56.9 MB.

Unloading 5 unused Assets to reduce memory usage. Loaded Objects now: 1559.
Total: 1.440800 ms (FindLiveObjects: 0.181900 ms CreateObjectMapping: 0.040200 ms MarkObjects: 1.170500 ms  DeleteObjects: 0.047100 ms)

========================================================================
Received Prepare
Registering precompiled user dll's ...
Registered in 0.000784 seconds.
Begin MonoManager ReloadAssembly
Native extension for WindowsStandalone target not found
Refreshing native plugins compatible for Editor in 0.19 ms, found 0 plugins.
Preloading 0 native plugins for Editor in 0.00 ms.
Invoked RoslynAnalysisRunner static constructor.
RoslynAnalysisRunner will not be running.
RoslynAnalysisRunner has terminated.
Mono: successfully reloaded assembly
- Completed reload, in  0.745 seconds
Platform modules already initialized, skipping
Refreshing native plugins compatible for Editor in 0.22 ms, found 0 plugins.
Preloading 0 native plugins for Editor in 0.00 ms.
Unloading 1103 Unused Serialized files (Serialized files now loaded: 0)
System memory in use before: 56.8 MB.
System memory in use after: 56.9 MB.

Unloading 5 unused Assets to reduce memory usage. Loaded Objects now: 1561.
Total: 1.663800 ms (FindLiveObjects: 0.127400 ms CreateObjectMapping: 0.035300 ms MarkObjects: 1.435400 ms  DeleteObjects: 0.064300 ms)

========================================================================
Received Prepare
Registering precompiled user dll's ...
Registered in 0.000725 seconds.
Begin MonoManager ReloadAssembly
Native extension for WindowsStandalone target not found
Refreshing native plugins compatible for Editor in 0.21 ms, found 0 plugins.
Preloading 0 native plugins for Editor in 0.00 ms.
Invoked RoslynAnalysisRunner static constructor.
RoslynAnalysisRunner will not be running.
RoslynAnalysisRunner has terminated.
Mono: successfully reloaded assembly
- Completed reload, in  0.756 seconds
Platform modules already initialized, skipping
Refreshing native plugins compatible for Editor in 0.18 ms, found 0 plugins.
Preloading 0 native plugins for Editor in 0.00 ms.
Unloading 1103 Unused Serialized files (Serialized files now loaded: 0)
System memory in use before: 56.8 MB.
System memory in use after: 56.9 MB.

Unloading 5 unused Assets to reduce memory usage. Loaded Objects now: 1563.
Total: 1.606200 ms (FindLiveObjects: 0.154600 ms CreateObjectMapping: 0.050900 ms MarkObjects: 1.349400 ms  DeleteObjects: 0.050200 ms)

========================================================================
Received Prepare
Registering precompiled user dll's ...
Registered in 0.000797 seconds.
Begin MonoManager ReloadAssembly
Native extension for WindowsStandalone target not found
Refreshing native plugins compatible for Editor in 0.19 ms, found 0 plugins.
Preloading 0 native plugins for Editor in 0.00 ms.
Invoked RoslynAnalysisRunner static constructor.
RoslynAnalysisRunner will not be running.
RoslynAnalysisRunner has terminated.
Mono: successfully reloaded assembly
- Completed reload, in  0.770 seconds
Platform modules already initialized, skipping
Refreshing native plugins compatible for Editor in 0.18 ms, found 0 plugins.
Preloading 0 native plugins for Editor in 0.00 ms.
Unloading 1103 Unused Serialized files (Serialized files now loaded: 0)
System memory in use before: 56.9 MB.
System memory in use after: 57.0 MB.

Unloading 5 unused Assets to reduce memory usage. Loaded Objects now: 1565.
Total: 1.557600 ms (FindLiveObjects: 0.118900 ms CreateObjectMapping: 0.032300 ms MarkObjects: 1.358000 ms  DeleteObjects: 0.047400 ms)

========================================================================
Received Import Request.
  Time since last request: 170.312966 seconds.
  path: Assets/Scripts/PointAdder.cs
  artifactKey: Guid(3a38a579f8d9cda4c9ed2c55fa4bc027) Importer(815301076,1909f56bfc062723c751e8b465ee728b)
Start importing Assets/Scripts/PointAdder.cs using Guid(3a38a579f8d9cda4c9ed2c55fa4bc027) Importer(815301076,1909f56bfc062723c751e8b465ee728b)  -> (artifact id: '256c0a0cfb639366e30ddb90da8d5ee0') in 0.003435 seconds
  Import took 0.005081 seconds .

========================================================================
Received Import Request.
  Time since last request: 20.181984 seconds.
  path: Assets/Scripts/TimeFreezer.cs
  artifactKey: Guid(bd00e74cf9328564aaa03d4d903d4955) Importer(815301076,1909f56bfc062723c751e8b465ee728b)
Start importing Assets/Scripts/TimeFreezer.cs using Guid(bd00e74cf9328564aaa03d4d903d4955) Importer(815301076,1909f56bfc062723c751e8b465ee728b)  -> (artifact id: 'a8dff544403cdb2872499b10a9eb1d3c') in 0.002405 seconds
  Import took 0.004689 seconds .

========================================================================
Received Prepare
Registering precompiled user dll's ...
Registered in 0.000746 seconds.
Begin MonoManager ReloadAssembly
Native extension for WindowsStandalone target not found
Refreshing native plugins compatible for Editor in 0.21 ms, found 0 plugins.
Preloading 0 native plugins for Editor in 0.00 ms.
Invoked RoslynAnalysisRunner static constructor.
RoslynAnalysisRunner will not be running.
RoslynAnalysisRunner has terminated.
Mono: successfully reloaded assembly
- Completed reload, in  0.809 seconds
Platform modules already initialized, skipping
Refreshing native plugins compatible for Editor in 0.18 ms, found 0 plugins.
Preloading 0 native plugins for Editor in 0.00 ms.
Unloading 1104 Unused Serialized files (Serialized files now loaded: 0)
System memory in use before: 56.9 MB.
System memory in use after: 57.0 MB.

Unloading 5 unused Assets to reduce memory usage. Loaded Objects now: 1568.
Total: 1.576200 ms (FindLiveObjects: 0.128900 ms CreateObjectMapping: 0.036600 ms MarkObjects: 1.357300 ms  DeleteObjects: 0.052400 ms)

========================================================================
Received Prepare
Registering precompiled user dll's ...
Registered in 0.000837 seconds.
Begin MonoManager ReloadAssembly
Native extension for WindowsStandalone target not found
Refreshing native plugins compatible for Editor in 0.37 ms, found 0 plugins.
Preloading 0 native plugins for Editor in 0.00 ms.
Invoked RoslynAnalysisRunner static constructor.
RoslynAnalysisRunner will not be running.
RoslynAnalysisRunner has terminated.
Mono: successfully reloaded assembly
- Completed reload, in  0.757 seconds
Platform modules already initialized, skipping
Refreshing native plugins compatible for Editor in 0.19 ms, found 0 plugins.
Preloading 0 native plugins for Editor in 0.00 ms.
Unloading 1104 Unused Serialized files (Serialized files now loaded: 0)
System memory in use before: 56.9 MB.
System memory in use after: 57.0 MB.

Unloading 5 unused Assets to reduce memory usage. Loaded Objects now: 1570.
Total: 1.457400 ms (FindLiveObjects: 0.110100 ms CreateObjectMapping: 0.031200 ms MarkObjects: 1.270300 ms  DeleteObjects: 0.044900 ms)

========================================================================
Received Import Request.
  Time since last request: 210.633304 seconds.
  path: Assets/Scripts/TimeFreezer.cs
  artifactKey: Guid(bd00e74cf9328564aaa03d4d903d4955) Importer(815301076,1909f56bfc062723c751e8b465ee728b)
Start importing Assets/Scripts/TimeFreezer.cs using Guid(bd00e74cf9328564aaa03d4d903d4955) Importer(815301076,1909f56bfc062723c751e8b465ee728b)  -> (artifact id: '9a2c19998a3fd3b675790b8fb4991153') in 0.003606 seconds
  Import took 0.005677 seconds .

========================================================================
Received Prepare
Registering precompiled user dll's ...
Registered in 0.000859 seconds.
Begin MonoManager ReloadAssembly
Native extension for WindowsStandalone target not found
Refreshing native plugins compatible for Editor in 0.21 ms, found 0 plugins.
Preloading 0 native plugins for Editor in 0.00 ms.
Invoked RoslynAnalysisRunner static constructor.
RoslynAnalysisRunner will not be running.
RoslynAnalysisRunner has terminated.
Mono: successfully reloaded assembly
- Completed reload, in  0.879 seconds
Platform modules already initialized, skipping
Refreshing native plugins compatible for Editor in 0.23 ms, found 0 plugins.
Preloading 0 native plugins for Editor in 0.00 ms.
Unloading 1104 Unused Serialized files (Serialized files now loaded: 0)
System memory in use before: 56.9 MB.
System memory in use after: 57.0 MB.

Unloading 5 unused Assets to reduce memory usage. Loaded Objects now: 1572.
Total: 1.573600 ms (FindLiveObjects: 0.110800 ms CreateObjectMapping: 0.029100 ms MarkObjects: 1.382500 ms  DeleteObjects: 0.049700 ms)

========================================================================
Received Prepare
Registering precompiled user dll's ...
Registered in 0.000754 seconds.
Begin MonoManager ReloadAssembly
Native extension for WindowsStandalone target not found
Refreshing native plugins compatible for Editor in 0.18 ms, found 0 plugins.
Preloading 0 native plugins for Editor in 0.00 ms.
Invoked RoslynAnalysisRunner static constructor.
RoslynAnalysisRunner will not be running.
RoslynAnalysisRunner has terminated.
Mono: successfully reloaded assembly
- Completed reload, in  0.749 seconds
Platform modules already initialized, skipping
Refreshing native plugins compatible for Editor in 0.20 ms, found 0 plugins.
Preloading 0 native plugins for Editor in 0.00 ms.
Unloading 1104 Unused Serialized files (Serialized files now loaded: 0)
System memory in use before: 56.9 MB.
System memory in use after: 57.0 MB.

Unloading 5 unused Assets to reduce memory usage. Loaded Objects now: 1574.
Total: 1.641700 ms (FindLiveObjects: 0.140100 ms CreateObjectMapping: 0.036800 ms MarkObjects: 1.407100 ms  DeleteObjects: 0.056200 ms)

========================================================================
Received Import Request.
  Time since last request: 497.051677 seconds.
  path: Assets/Scripts/Clock.cs
  artifactKey: Guid(3421ebaccfc542f45a1bff09879c7655) Importer(815301076,1909f56bfc062723c751e8b465ee728b)
Start importing Assets/Scripts/Clock.cs using Guid(3421ebaccfc542f45a1bff09879c7655) Importer(815301076,1909f56bfc062723c751e8b465ee728b)  -> (artifact id: 'f5ba876dad8a3ee73350543d40ec44ed') in 0.006294 seconds
  Import took 0.008685 seconds .

========================================================================
Received Prepare
Registering precompiled user dll's ...
Registered in 0.000769 seconds.
Begin MonoManager ReloadAssembly
Native extension for WindowsStandalone target not found
Refreshing native plugins compatible for Editor in 0.20 ms, found 0 plugins.
Preloading 0 native plugins for Editor in 0.00 ms.
Invoked RoslynAnalysisRunner static constructor.
RoslynAnalysisRunner will not be running.
RoslynAnalysisRunner has terminated.
Mono: successfully reloaded assembly
- Completed reload, in  0.759 seconds
Platform modules already initialized, skipping
Refreshing native plugins compatible for Editor in 0.22 ms, found 0 plugins.
Preloading 0 native plugins for Editor in 0.00 ms.
Unloading 1105 Unused Serialized files (Serialized files now loaded: 0)
System memory in use before: 56.9 MB.
System memory in use after: 57.0 MB.

Unloading 5 unused Assets to reduce memory usage. Loaded Objects now: 1577.
Total: 1.644600 ms (FindLiveObjects: 0.129200 ms CreateObjectMapping: 0.034400 ms MarkObjects: 1.432600 ms  DeleteObjects: 0.047300 ms)

========================================================================
Received Prepare
Registering precompiled user dll's ...
Registered in 0.001227 seconds.
Begin MonoManager ReloadAssembly
Native extension for WindowsStandalone target not found
Refreshing native plugins compatible for Editor in 0.22 ms, found 0 plugins.
Preloading 0 native plugins for Editor in 0.00 ms.
Invoked RoslynAnalysisRunner static constructor.
RoslynAnalysisRunner will not be running.
RoslynAnalysisRunner has terminated.
Mono: successfully reloaded assembly
- Completed reload, in  0.783 seconds
Platform modules already initialized, skipping
Refreshing native plugins compatible for Editor in 0.18 ms, found 0 plugins.
Preloading 0 native plugins for Editor in 0.00 ms.
Unloading 1105 Unused Serialized files (Serialized files now loaded: 0)
System memory in use before: 57.0 MB.
System memory in use after: 57.0 MB.

Unloading 5 unused Assets to reduce memory usage. Loaded Objects now: 1579.
Total: 1.601900 ms (FindLiveObjects: 0.136800 ms CreateObjectMapping: 0.034700 ms MarkObjects: 1.379000 ms  DeleteObjects: 0.049400 ms)

========================================================================
Received Import Request.
  Time since last request: 354.035097 seconds.
  path: Assets/Scripts/Clock.cs
  artifactKey: Guid(3421ebaccfc542f45a1bff09879c7655) Importer(815301076,1909f56bfc062723c751e8b465ee728b)
Start importing Assets/Scripts/Clock.cs using Guid(3421ebaccfc542f45a1bff09879c7655) Importer(815301076,1909f56bfc062723c751e8b465ee728b)  -> (artifact id: '3b51eeba254c6762a60549c9eb872f85') in 0.003927 seconds
  Import took 0.006117 seconds .

========================================================================
Received Prepare
Registering precompiled user dll's ...
Registered in 0.000751 seconds.
Begin MonoManager ReloadAssembly
Native extension for WindowsStandalone target not found
Refreshing native plugins compatible for Editor in 0.18 ms, found 0 plugins.
Preloading 0 native plugins for Editor in 0.00 ms.
Invoked RoslynAnalysisRunner static constructor.
RoslynAnalysisRunner will not be running.
RoslynAnalysisRunner has terminated.
Mono: successfully reloaded assembly
- Completed reload, in  0.733 seconds
Platform modules already initialized, skipping
Refreshing native plugins compatible for Editor in 0.18 ms, found 0 plugins.
Preloading 0 native plugins for Editor in 0.00 ms.
Unloading 1105 Unused Serialized files (Serialized files now loaded: 0)
System memory in use before: 57.0 MB.
System memory in use after: 57.0 MB.

Unloading 5 unused Assets to reduce memory usage. Loaded Objects now: 1581.
Total: 1.415400 ms (FindLiveObjects: 0.126800 ms CreateObjectMapping: 0.034000 ms MarkObjects: 1.202900 ms  DeleteObjects: 0.051000 ms)

========================================================================
Received Import Request.
  Time since last request: 501.613525 seconds.
  path: Assets/Scripts/Key.cs
  artifactKey: Guid(0799f32c588e5e34ea9c76081bd42670) Importer(815301076,1909f56bfc062723c751e8b465ee728b)
Start importing Assets/Scripts/Key.cs using Guid(0799f32c588e5e34ea9c76081bd42670) Importer(815301076,1909f56bfc062723c751e8b465ee728b)  -> (artifact id: 'b1be1163956f9efdac9d2c9a89390634') in 0.007904 seconds
  Import took 0.010759 seconds .

========================================================================
Received Import Request.
  Time since last request: 0.004234 seconds.
  path: Assets/Scripts/Key.cs
  artifactKey: Guid(0799f32c588e5e34ea9c76081bd42670) Importer(815301076,1909f56bfc062723c751e8b465ee728b)
Start importing Assets/Scripts/Key.cs using Guid(0799f32c588e5e34ea9c76081bd42670) Importer(815301076,1909f56bfc062723c751e8b465ee728b)  -> (artifact id: 'b1be1163956f9efdac9d2c9a89390634') in 0.002829 seconds
  Import took 0.004757 seconds .

========================================================================
Received Prepare
Registering precompiled user dll's ...
Registered in 0.000794 seconds.
Begin MonoManager ReloadAssembly
Native extension for WindowsStandalone target not found
Refreshing native plugins compatible for Editor in 0.19 ms, found 0 plugins.
Preloading 0 native plugins for Editor in 0.00 ms.
Invoked RoslynAnalysisRunner static constructor.
RoslynAnalysisRunner will not be running.
RoslynAnalysisRunner has terminated.
Mono: successfully reloaded assembly
- Completed reload, in  0.797 seconds
Platform modules already initialized, skipping
Refreshing native plugins compatible for Editor in 0.18 ms, found 0 plugins.
Preloading 0 native plugins for Editor in 0.00 ms.
Unloading 1106 Unused Serialized files (Serialized files now loaded: 0)
System memory in use before: 57.0 MB.
System memory in use after: 57.1 MB.

Unloading 5 unused Assets to reduce memory usage. Loaded Objects now: 1584.
Total: 1.819600 ms (FindLiveObjects: 0.125100 ms CreateObjectMapping: 0.039600 ms MarkObjects: 1.591900 ms  DeleteObjects: 0.061900 ms)

========================================================================
Received Import Request.
  Time since last request: 28.748534 seconds.
  path: Assets/Scripts/KeyColor.cs
  artifactKey: Guid(0891cfdd947c16b4d90396e04123ae0e) Importer(815301076,1909f56bfc062723c751e8b465ee728b)
Start importing Assets/Scripts/KeyColor.cs using Guid(0891cfdd947c16b4d90396e04123ae0e) Importer(815301076,1909f56bfc062723c751e8b465ee728b)  -> (artifact id: '3b1e1d0cbdc4e433bdefc83ed9abb858') in 0.005400 seconds
  Import took 0.007481 seconds .

========================================================================
Received Prepare
Registering precompiled user dll's ...
Registered in 0.000744 seconds.
Begin MonoManager ReloadAssembly
Native extension for WindowsStandalone target not found
Refreshing native plugins compatible for Editor in 0.19 ms, found 0 plugins.
Preloading 0 native plugins for Editor in 0.00 ms.
Invoked RoslynAnalysisRunner static constructor.
RoslynAnalysisRunner will not be running.
RoslynAnalysisRunner has terminated.
Mono: successfully reloaded assembly
- Completed reload, in  0.820 seconds
Platform modules already initialized, skipping
Refreshing native plugins compatible for Editor in 0.19 ms, found 0 plugins.
Preloading 0 native plugins for Editor in 0.00 ms.
Unloading 1107 Unused Serialized files (Serialized files now loaded: 0)
System memory in use before: 57.0 MB.
System memory in use after: 57.1 MB.

Unloading 5 unused Assets to reduce memory usage. Loaded Objects now: 1587.
Total: 1.598200 ms (FindLiveObjects: 0.158200 ms CreateObjectMapping: 0.053100 ms MarkObjects: 1.328800 ms  DeleteObjects: 0.056800 ms)

========================================================================
Received Prepare
Registering precompiled user dll's ...
Registered in 0.000996 seconds.
Begin MonoManager ReloadAssembly
Native extension for WindowsStandalone target not found
Refreshing native plugins compatible for Editor in 0.22 ms, found 0 plugins.
Preloading 0 native plugins for Editor in 0.00 ms.
Invoked RoslynAnalysisRunner static constructor.
RoslynAnalysisRunner will not be running.
RoslynAnalysisRunner has terminated.
Mono: successfully reloaded assembly
- Completed reload, in  0.732 seconds
Platform modules already initialized, skipping
Refreshing native plugins compatible for Editor in 0.18 ms, found 0 plugins.
Preloading 0 native plugins for Editor in 0.00 ms.
Unloading 1107 Unused Serialized files (Serialized files now loaded: 0)
System memory in use before: 57.0 MB.
System memory in use after: 57.1 MB.

Unloading 5 unused Assets to reduce memory usage. Loaded Objects now: 1589.
Total: 1.604400 ms (FindLiveObjects: 0.137200 ms CreateObjectMapping: 0.039700 ms MarkObjects: 1.366400 ms  DeleteObjects: 0.059900 ms)

========================================================================
Received Prepare
Registering precompiled user dll's ...
Registered in 0.000746 seconds.
Begin MonoManager ReloadAssembly
Native extension for WindowsStandalone target not found
Refreshing native plugins compatible for Editor in 0.26 ms, found 0 plugins.
Preloading 0 native plugins for Editor in 0.00 ms.
Invoked RoslynAnalysisRunner static constructor.
RoslynAnalysisRunner will not be running.
RoslynAnalysisRunner has terminated.
Mono: successfully reloaded assembly
- Completed reload, in  0.748 seconds
Platform modules already initialized, skipping
Refreshing native plugins compatible for Editor in 0.18 ms, found 0 plugins.
Preloading 0 native plugins for Editor in 0.00 ms.
Unloading 1107 Unused Serialized files (Serialized files now loaded: 0)
System memory in use before: 57.0 MB.
System memory in use after: 57.1 MB.

Unloading 5 unused Assets to reduce memory usage. Loaded Objects now: 1591.
Total: 1.474500 ms (FindLiveObjects: 0.115300 ms CreateObjectMapping: 0.029600 ms MarkObjects: 1.279400 ms  DeleteObjects: 0.048900 ms)

========================================================================
Received Import Request.
  Time since last request: 569.948882 seconds.
  path: Assets/Scripts/KeyColor.cs
  artifactKey: Guid(0891cfdd947c16b4d90396e04123ae0e) Importer(815301076,1909f56bfc062723c751e8b465ee728b)
Start importing Assets/Scripts/KeyColor.cs using Guid(0891cfdd947c16b4d90396e04123ae0e) Importer(815301076,1909f56bfc062723c751e8b465ee728b)  -> (artifact id: '4c9ecf33f87eef32ceaced18ad7a267b') in 0.003886 seconds
  Import took 0.005803 seconds .

========================================================================
Received Prepare
Registering precompiled user dll's ...
Registered in 0.001244 seconds.
Begin MonoManager ReloadAssembly
Native extension for WindowsStandalone target not found
Refreshing native plugins compatible for Editor in 0.19 ms, found 0 plugins.
Preloading 0 native plugins for Editor in 0.00 ms.
Invoked RoslynAnalysisRunner static constructor.
RoslynAnalysisRunner will not be running.
RoslynAnalysisRunner has terminated.
Mono: successfully reloaded assembly
- Completed reload, in  0.731 seconds
Platform modules already initialized, skipping
Refreshing native plugins compatible for Editor in 0.18 ms, found 0 plugins.
Preloading 0 native plugins for Editor in 0.00 ms.
Unloading 1107 Unused Serialized files (Serialized files now loaded: 0)
System memory in use before: 57.0 MB.
System memory in use after: 57.1 MB.

Unloading 5 unused Assets to reduce memory usage. Loaded Objects now: 1593.
Total: 1.998900 ms (FindLiveObjects: 0.436200 ms CreateObjectMapping: 0.052800 ms MarkObjects: 1.455100 ms  DeleteObjects: 0.053000 ms)

========================================================================
Received Import Request.
  Time since last request: 1171.432695 seconds.
  path: Assets/Shaders
  artifactKey: Guid(d452816938a6b9641a8dc44e7cecba43) Importer(815301076,1909f56bfc062723c751e8b465ee728b)
Start importing Assets/Shaders using Guid(d452816938a6b9641a8dc44e7cecba43) Importer(815301076,1909f56bfc062723c751e8b465ee728b)  -> (artifact id: '3d69878c938f58f3753ad360e905573b') in 0.005245 seconds
  Import took 0.006877 seconds .

========================================================================
Received Import Request.
  Time since last request: 71.008851 seconds.
  path: Assets/Materials/New Material 1.mat
  artifactKey: Guid(fa52903815fe49e4f8b0148d387d6f0a) Importer(815301076,1909f56bfc062723c751e8b465ee728b)
Start importing Assets/Materials/New Material 1.mat using Guid(fa52903815fe49e4f8b0148d387d6f0a) Importer(815301076,1909f56bfc062723c751e8b465ee728b)  -> (artifact id: 'b675a55d9b76de84e8b4c07bbadff66d') in 0.088922 seconds
  Import took 0.091027 seconds .

========================================================================
Received Import Request.
  Time since last request: 0.000307 seconds.
  path: Assets/Materials/New Material 3.mat
  artifactKey: Guid(7455c29be9968dc48a91e3679322645e) Importer(815301076,1909f56bfc062723c751e8b465ee728b)
Start importing Assets/Materials/New Material 3.mat using Guid(7455c29be9968dc48a91e3679322645e) Importer(815301076,1909f56bfc062723c751e8b465ee728b)  -> (artifact id: '125b9322f6dd04966aaa88cb34df57ea') in 0.008800 seconds
  Import took 0.011061 seconds .

========================================================================
Received Import Request.
  Time since last request: 0.000251 seconds.
  path: Assets/Materials/New Material.mat
  artifactKey: Guid(bfe89fb38642e2347a6eb9a9b1c4cd26) Importer(815301076,1909f56bfc062723c751e8b465ee728b)
Start importing Assets/Materials/New Material.mat using Guid(bfe89fb38642e2347a6eb9a9b1c4cd26) Importer(815301076,1909f56bfc062723c751e8b465ee728b)  -> (artifact id: '104c3d6d50496e09410d1e334d2ba9c4') in 0.009012 seconds
  Import took 0.011424 seconds .

========================================================================
Received Import Request.
  Time since last request: 0.000277 seconds.
  path: Assets/Materials/New Material 4.mat
  artifactKey: Guid(465fb9351dd09034f8f54f9e3de903e3) Importer(815301076,1909f56bfc062723c751e8b465ee728b)
Start importing Assets/Materials/New Material 4.mat using Guid(465fb9351dd09034f8f54f9e3de903e3) Importer(815301076,1909f56bfc062723c751e8b465ee728b)  -> (artifact id: 'd953b0a5216ee92d8c4d2b059de4bca2') in 0.007762 seconds
  Import took 0.009766 seconds .

========================================================================
Received Import Request.
  Time since last request: 0.000232 seconds.
  path: Assets/Materials/New Material 2.mat
  artifactKey: Guid(c6b590f9e86977e45b0afabc91982274) Importer(815301076,1909f56bfc062723c751e8b465ee728b)
Start importing Assets/Materials/New Material 2.mat using Guid(c6b590f9e86977e45b0afabc91982274) Importer(815301076,1909f56bfc062723c751e8b465ee728b)  -> (artifact id: 'f5a941c3e4e28fdcc7fbfa3d36940e46') in 0.007568 seconds
  Import took 0.009253 seconds .

========================================================================
Received Import Request.
  Time since last request: 225.884271 seconds.
  path: Assets/New Folder
  artifactKey: Guid(f441ddb8cb2f9eb4b86135c5cf125142) Importer(815301076,1909f56bfc062723c751e8b465ee728b)
Start importing Assets/New Folder using Guid(f441ddb8cb2f9eb4b86135c5cf125142) Importer(815301076,1909f56bfc062723c751e8b465ee728b)  -> (artifact id: 'f134ae50f1c232bde0eaa46193ebaa25') in 0.004374 seconds
  Import took 0.006876 seconds .

========================================================================
Received Import Request.
  Time since last request: 0.000568 seconds.
  path: Assets/New Folder
  artifactKey: Guid(f441ddb8cb2f9eb4b86135c5cf125142) Importer(815301076,1909f56bfc062723c751e8b465ee728b)
Start importing Assets/New Folder using Guid(f441ddb8cb2f9eb4b86135c5cf125142) Importer(815301076,1909f56bfc062723c751e8b465ee728b)  -> (artifact id: 'f134ae50f1c232bde0eaa46193ebaa25') in 0.002974 seconds
  Import took 0.005389 seconds .

========================================================================
Received Import Request.
  Time since last request: 9.326821 seconds.
  path: Assets/Prefabs
  artifactKey: Guid(f441ddb8cb2f9eb4b86135c5cf125142) Importer(815301076,1909f56bfc062723c751e8b465ee728b)
Start importing Assets/Prefabs using Guid(f441ddb8cb2f9eb4b86135c5cf125142) Importer(815301076,1909f56bfc062723c751e8b465ee728b)  -> (artifact id: '864303f6606992979f846d18a12c5246') in 0.005110 seconds
  Import took 0.007770 seconds .

========================================================================
Received Import Request.
  Time since last request: 0.000576 seconds.
  path: Assets/Prefabs
  artifactKey: Guid(f441ddb8cb2f9eb4b86135c5cf125142) Importer(815301076,1909f56bfc062723c751e8b465ee728b)
Start importing Assets/Prefabs using Guid(f441ddb8cb2f9eb4b86135c5cf125142) Importer(815301076,1909f56bfc062723c751e8b465ee728b)  -> (artifact id: '864303f6606992979f846d18a12c5246') in 0.002227 seconds
  Import took 0.003874 seconds .

========================================================================
Received Import Request.
  Time since last request: 5.138490 seconds.
  path: Assets/Prefabs/Key.prefab
  artifactKey: Guid(5b1e9f026ad45834cb0ed8d2147cb047) Importer(815301076,1909f56bfc062723c751e8b465ee728b)
Start importing Assets/Prefabs/Key.prefab using Guid(5b1e9f026ad45834cb0ed8d2147cb047) Importer(815301076,1909f56bfc062723c751e8b465ee728b)  -> (artifact id: '1f04558d6b67de8788a42eb165db35b0') in 0.022292 seconds
  Import took 0.024698 seconds .

========================================================================
Received Import Request.
  Time since last request: 0.013238 seconds.
  path: Assets/Prefabs/Key.prefab
  artifactKey: Guid(5b1e9f026ad45834cb0ed8d2147cb047) Importer(815301076,1909f56bfc062723c751e8b465ee728b)
Start importing Assets/Prefabs/Key.prefab using Guid(5b1e9f026ad45834cb0ed8d2147cb047) Importer(815301076,1909f56bfc062723c751e8b465ee728b)  -> (artifact id: '1f04558d6b67de8788a42eb165db35b0') in 0.007732 seconds
  Import took 0.009500 seconds .

========================================================================
Received Import Request.
  Time since last request: 1.922729 seconds.
  path: Assets/Prefabs/FreezeTime.prefab
  artifactKey: Guid(cb5778ac376ce0c41b30b544ae19bc97) Importer(815301076,1909f56bfc062723c751e8b465ee728b)
Start importing Assets/Prefabs/FreezeTime.prefab using Guid(cb5778ac376ce0c41b30b544ae19bc97) Importer(815301076,1909f56bfc062723c751e8b465ee728b)  -> (artifact id: '5f870de72a25ebdf35f737b2e4eeada6') in 0.024325 seconds
  Import took 0.026298 seconds .

========================================================================
Received Import Request.
  Time since last request: 1.771023 seconds.
  path: Assets/Prefabs/SubtractTime.prefab
  artifactKey: Guid(987aa45f8a381f54699c4b8f2c23263d) Importer(815301076,1909f56bfc062723c751e8b465ee728b)
Start importing Assets/Prefabs/SubtractTime.prefab using Guid(987aa45f8a381f54699c4b8f2c23263d) Importer(815301076,1909f56bfc062723c751e8b465ee728b)  -> (artifact id: '463371380cc33bcb0d9a679ec4be8431') in 0.019238 seconds
  Import took 0.021995 seconds .

========================================================================
Received Import Request.
  Time since last request: 1.871533 seconds.
  path: Assets/Prefabs/AddTime.prefab
  artifactKey: Guid(0bcbc8fe05a4a5046941de44da87eec1) Importer(815301076,1909f56bfc062723c751e8b465ee728b)
Start importing Assets/Prefabs/AddTime.prefab using Guid(0bcbc8fe05a4a5046941de44da87eec1) Importer(815301076,1909f56bfc062723c751e8b465ee728b)  -> (artifact id: '52959d0e89f7b3adb04f29be4124534d') in 0.020128 seconds
  Import took 0.022641 seconds .

========================================================================
Received Import Request.
  Time since last request: 2.734641 seconds.
  path: Assets/Prefabs/AddPoint.prefab
  artifactKey: Guid(31b3cc9b21e86f74d99c9188a0c62496) Importer(815301076,1909f56bfc062723c751e8b465ee728b)
Start importing Assets/Prefabs/AddPoint.prefab using Guid(31b3cc9b21e86f74d99c9188a0c62496) Importer(815301076,1909f56bfc062723c751e8b465ee728b)  -> (artifact id: 'a2142ef56afd4b631957f8a53beeaa11') in 0.022688 seconds
  Import took 0.024804 seconds .

========================================================================
Received Import Request.
  Time since last request: 17.947669 seconds.
  path: Assets/Prefabs/Prototype Pickup.prefab
  artifactKey: Guid(48b7ed07bd83e864c95a34bf9916adf7) Importer(815301076,1909f56bfc062723c751e8b465ee728b)
Start importing Assets/Prefabs/Prototype Pickup.prefab using Guid(48b7ed07bd83e864c95a34bf9916adf7) Importer(815301076,1909f56bfc062723c751e8b465ee728b)  -> (artifact id: 'c647a6fa13fe94df4de9b1c88e6ae73d') in 0.022165 seconds
  Import took 0.024193 seconds .

========================================================================
Received Import Request.
  Time since last request: 111.215208 seconds.
  path: Assets/Prefabs/Player.prefab
  artifactKey: Guid(42bd595dd176ac743927866b6f83dd3b) Importer(815301076,1909f56bfc062723c751e8b465ee728b)
Start importing Assets/Prefabs/Player.prefab using Guid(42bd595dd176ac743927866b6f83dd3b) Importer(815301076,1909f56bfc062723c751e8b465ee728b)  -> (artifact id: 'f691b9443bdf56d038a93e8ca1f59ee4') in 0.022056 seconds
  Import took 0.024339 seconds .

========================================================================
Received Import Request.
  Time since last request: 10.984327 seconds.
  path: Assets/Prefabs/Player.prefab
  artifactKey: Guid(42bd595dd176ac743927866b6f83dd3b) Importer(815301076,1909f56bfc062723c751e8b465ee728b)
Start importing Assets/Prefabs/Player.prefab using Guid(42bd595dd176ac743927866b6f83dd3b) Importer(815301076,1909f56bfc062723c751e8b465ee728b)  -> (artifact id: '18c9e3b4b51eb0201f8afa91b9703e67') in 0.032620 seconds
  Import took 0.035367 seconds .

========================================================================
Received Import Request.
  Time since last request: 45.405498 seconds.
  path: Assets/Prefabs/Low speed terrain.prefab
  artifactKey: Guid(b6cf8fae90fc0f446ab5c329541ba2a2) Importer(815301076,1909f56bfc062723c751e8b465ee728b)
Start importing Assets/Prefabs/Low speed terrain.prefab using Guid(b6cf8fae90fc0f446ab5c329541ba2a2) Importer(815301076,1909f56bfc062723c751e8b465ee728b)  -> (artifact id: '33ec09a99379612f897c9b92dc6b61f9') in 0.012719 seconds
  Import took 0.014999 seconds .

========================================================================
Received Import Request.
  Time since last request: 1.908482 seconds.
  path: Assets/Prefabs/HighSpeedTerrain.prefab
  artifactKey: Guid(091cfe145380494499fbb9b158d4688f) Importer(815301076,1909f56bfc062723c751e8b465ee728b)
Start importing Assets/Prefabs/HighSpeedTerrain.prefab using Guid(091cfe145380494499fbb9b158d4688f) Importer(815301076,1909f56bfc062723c751e8b465ee728b)  -> (artifact id: '5ca33861fd6c6f010748b87f1b95461e') in 0.017122 seconds
  Import took 0.019210 seconds .

========================================================================
Received Import Request.
  Time since last request: 3.482988 seconds.
  path: Assets/Prefabs/Normal Terrain.prefab
  artifactKey: Guid(083304ea64b5efc43bb11c0290a469c1) Importer(815301076,1909f56bfc062723c751e8b465ee728b)
Start importing Assets/Prefabs/Normal Terrain.prefab using Guid(083304ea64b5efc43bb11c0290a469c1) Importer(815301076,1909f56bfc062723c751e8b465ee728b)  -> (artifact id: 'ac6aaaf595482a5e9bb068b4bef7d756') in 0.017234 seconds
  Import took 0.019416 seconds .

========================================================================
Received Prepare
Registering precompiled user dll's ...
Registered in 0.000916 seconds.
Begin MonoManager ReloadAssembly
Native extension for WindowsStandalone target not found
Refreshing native plugins compatible for Editor in 0.21 ms, found 0 plugins.
Preloading 0 native plugins for Editor in 0.00 ms.
Invoked RoslynAnalysisRunner static constructor.
RoslynAnalysisRunner will not be running.
RoslynAnalysisRunner has terminated.
Mono: successfully reloaded assembly
- Completed reload, in  0.916 seconds
Platform modules already initialized, skipping
Refreshing native plugins compatible for Editor in 0.19 ms, found 0 plugins.
Preloading 0 native plugins for Editor in 0.00 ms.
Unloading 1108 Unused Serialized files (Serialized files now loaded: 0)
System memory in use before: 60.6 MB.
System memory in use after: 60.6 MB.

Unloading 7 unused Assets to reduce memory usage. Loaded Objects now: 1638.
Total: 1.879500 ms (FindLiveObjects: 0.213800 ms CreateObjectMapping: 0.079900 ms MarkObjects: 1.495100 ms  DeleteObjects: 0.072300 ms)

